<?xml version="1.0" encoding="UTF-8"?>
<coverage generated="1501756570188" clover="3.2.0">
  <project timestamp="1501756570188" name="All files">
    <metrics statements="46" coveredstatements="39" conditionals="7" coveredconditionals="3" methods="16" coveredmethods="13" elements="69" coveredelements="55" complexity="0" loc="46" ncloc="46" packages="2" files="4" classes="4">
      <package name="src">
        <metrics statements="6" coveredstatements="6" conditionals="1" coveredconditionals="1" methods="5" coveredmethods="5"/>
        <file name="main.ts" path="/code/cilantro/iogates-transfer/src/main.ts">
          <metrics statements="6" coveredstatements="6" conditionals="1" coveredconditionals="1" methods="5" coveredmethods="5"/>
          <line num="2" count="1" type="stmt"/>
          <line num="3" count="1" type="stmt"/>
          <line num="12" count="1" type="stmt"/>
          <line num="17" count="1" type="stmt"/>
          <line num="18" count="1" type="stmt"/>
          <line num="21" count="1" type="stmt"/>
        </file>
      </package>
      <package name="src.lib">
        <metrics statements="40" coveredstatements="33" conditionals="6" coveredconditionals="2" methods="11" coveredmethods="8"/>
        <file name="downloader.ts" path="/code/cilantro/iogates-transfer/src/lib/downloader.ts">
          <metrics statements="16" coveredstatements="16" conditionals="0" coveredconditionals="0" methods="3" coveredmethods="3"/>
          <line num="2" count="1" type="stmt"/>
          <line num="3" count="1" type="stmt"/>
          <line num="4" count="1" type="stmt"/>
          <line num="5" count="1" type="stmt"/>
          <line num="6" count="1" type="stmt"/>
          <line num="15" count="1" type="stmt"/>
          <line num="19" count="1" type="stmt"/>
          <line num="20" count="1" type="stmt"/>
          <line num="24" count="1" type="stmt"/>
          <line num="28" count="1" type="stmt"/>
          <line num="32" count="1" type="stmt"/>
          <line num="33" count="1" type="stmt"/>
          <line num="43" count="1" type="stmt"/>
          <line num="47" count="1" type="stmt"/>
          <line num="50" count="1" type="stmt"/>
          <line num="53" count="1" type="stmt"/>
        </file>
        <file name="iogates.ts" path="/code/cilantro/iogates-transfer/src/lib/iogates.ts">
          <metrics statements="20" coveredstatements="13" conditionals="6" coveredconditionals="2" methods="8" coveredmethods="5"/>
          <line num="2" count="1" type="stmt"/>
          <line num="3" count="1" type="stmt"/>
          <line num="9" count="1" type="stmt"/>
          <line num="10" count="1" type="stmt"/>
          <line num="13" count="1" type="stmt"/>
          <line num="14" count="1" type="stmt"/>
          <line num="20" count="1" type="cond" truecount="1" falsecount="1"/>
          <line num="21" count="0" type="stmt"/>
          <line num="23" count="1" type="stmt"/>
          <line num="24" count="1" type="stmt"/>
          <line num="29" count="0" type="stmt"/>
          <line num="30" count="0" type="stmt"/>
          <line num="34" count="0" type="cond" truecount="0" falsecount="2"/>
          <line num="35" count="0" type="stmt"/>
          <line num="37" count="0" type="stmt"/>
          <line num="42" count="1" type="stmt"/>
          <line num="48" count="1" type="cond" truecount="1" falsecount="1"/>
          <line num="49" count="0" type="stmt"/>
          <line num="51" count="1" type="stmt"/>
          <line num="54" count="1" type="stmt"/>
        </file>
        <file name="types.ts" path="/code/cilantro/iogates-transfer/src/lib/types.ts">
          <metrics statements="4" coveredstatements="4" conditionals="0" coveredconditionals="0" methods="0" coveredmethods="0"/>
          <line num="2" count="1" type="stmt"/>
          <line num="8" count="1" type="stmt"/>
          <line num="14" count="1" type="stmt"/>
          <line num="20" count="1" type="stmt"/>
        </file>
      </package>
    </metrics>
  </project>
</coverage>
