<?xml version="1.0" encoding="UTF-8"?>
<coverage generated="1502695537087" clover="3.2.0">
  <project timestamp="1502695537087" name="All files">
    <metrics statements="180" coveredstatements="85" conditionals="19" coveredconditionals="4" methods="36" coveredmethods="4" elements="235" coveredelements="93" complexity="0" loc="180" ncloc="180" packages="5" files="12" classes="12">
      <package name="src">
        <metrics statements="14" coveredstatements="13" conditionals="0" coveredconditionals="0" methods="1" coveredmethods="0"/>
        <file name="main.ts" path="/code/cilantro/iogates-transfer/src/main.ts">
          <metrics statements="14" coveredstatements="13" conditionals="0" coveredconditionals="0" methods="1" coveredmethods="0"/>
          <line num="2" count="1" type="stmt"/>
          <line num="3" count="1" type="stmt"/>
          <line num="4" count="1" type="stmt"/>
          <line num="5" count="1" type="stmt"/>
          <line num="6" count="1" type="stmt"/>
          <line num="7" count="1" type="stmt"/>
          <line num="14" count="1" type="stmt"/>
          <line num="15" count="1" type="stmt"/>
          <line num="18" count="0" type="stmt"/>
          <line num="20" count="1" type="stmt"/>
          <line num="21" count="1" type="stmt"/>
          <line num="25" count="1" type="stmt"/>
          <line num="29" count="1" type="stmt"/>
          <line num="30" count="1" type="stmt"/>
        </file>
      </package>
      <package name="src.commands">
        <metrics statements="32" coveredstatements="7" conditionals="2" coveredconditionals="0" methods="10" coveredmethods="0"/>
        <file name="download.ts" path="/code/cilantro/iogates-transfer/src/commands/download.ts">
          <metrics statements="32" coveredstatements="7" conditionals="2" coveredconditionals="0" methods="10" coveredmethods="0"/>
          <line num="2" count="1" type="stmt"/>
          <line num="3" count="1" type="stmt"/>
          <line num="4" count="1" type="stmt"/>
          <line num="5" count="1" type="stmt"/>
          <line num="6" count="1" type="stmt"/>
          <line num="8" count="1" type="stmt"/>
          <line num="11" count="0" type="stmt"/>
          <line num="12" count="0" type="stmt"/>
          <line num="13" count="0" type="stmt"/>
          <line num="14" count="0" type="stmt"/>
          <line num="15" count="0" type="stmt"/>
          <line num="17" count="0" type="stmt"/>
          <line num="18" count="0" type="stmt"/>
          <line num="21" count="0" type="stmt"/>
          <line num="24" count="0" type="stmt"/>
          <line num="25" count="0" type="cond" truecount="0" falsecount="2"/>
          <line num="28" count="0" type="stmt"/>
          <line num="31" count="0" type="stmt"/>
          <line num="32" count="0" type="stmt"/>
          <line num="35" count="0" type="stmt"/>
          <line num="36" count="0" type="stmt"/>
          <line num="37" count="0" type="stmt"/>
          <line num="40" count="0" type="stmt"/>
          <line num="42" count="0" type="stmt"/>
          <line num="45" count="0" type="stmt"/>
          <line num="46" count="0" type="stmt"/>
          <line num="47" count="0" type="stmt"/>
          <line num="49" count="0" type="stmt"/>
          <line num="52" count="0" type="stmt"/>
          <line num="53" count="0" type="stmt"/>
          <line num="56" count="0" type="stmt"/>
          <line num="59" count="1" type="stmt"/>
        </file>
      </package>
      <package name="src.lib">
        <metrics statements="74" coveredstatements="25" conditionals="12" coveredconditionals="0" methods="16" coveredmethods="1"/>
        <file name="directory.ts" path="/code/cilantro/iogates-transfer/src/lib/directory.ts">
          <metrics statements="13" coveredstatements="3" conditionals="4" coveredconditionals="0" methods="4" coveredmethods="0"/>
          <line num="2" count="1" type="stmt"/>
          <line num="3" count="1" type="stmt"/>
          <line num="9" count="0" type="stmt"/>
          <line num="12" count="0" type="stmt"/>
          <line num="13" count="0" type="stmt"/>
          <line num="14" count="0" type="stmt"/>
          <line num="15" count="0" type="cond" truecount="0" falsecount="2"/>
          <line num="16" count="0" type="cond" truecount="0" falsecount="2"/>
          <line num="17" count="0" type="stmt"/>
          <line num="19" count="0" type="stmt"/>
          <line num="21" count="0" type="stmt"/>
          <line num="22" count="0" type="stmt"/>
          <line num="27" count="1" type="stmt"/>
        </file>
        <file name="downloader.ts" path="/code/cilantro/iogates-transfer/src/lib/downloader.ts">
          <metrics statements="27" coveredstatements="7" conditionals="2" coveredconditionals="0" methods="4" coveredmethods="0"/>
          <line num="2" count="2" type="stmt"/>
          <line num="3" count="2" type="stmt"/>
          <line num="4" count="2" type="stmt"/>
          <line num="5" count="2" type="stmt"/>
          <line num="6" count="2" type="stmt"/>
          <line num="7" count="2" type="stmt"/>
          <line num="14" count="0" type="stmt"/>
          <line num="15" count="0" type="stmt"/>
          <line num="16" count="0" type="stmt"/>
          <line num="18" count="0" type="stmt"/>
          <line num="21" count="0" type="stmt"/>
          <line num="22" count="0" type="stmt"/>
          <line num="26" count="0" type="stmt"/>
          <line num="27" count="0" type="stmt"/>
          <line num="31" count="0" type="stmt"/>
          <line num="35" count="0" type="stmt"/>
          <line num="39" count="0" type="stmt"/>
          <line num="40" count="0" type="stmt"/>
          <line num="47" count="0" type="stmt"/>
          <line num="58" count="0" type="stmt"/>
          <line num="62" count="0" type="stmt"/>
          <line num="63" count="0" type="stmt"/>
          <line num="64" count="0" type="stmt"/>
          <line num="67" count="0" type="cond" truecount="0" falsecount="2"/>
          <line num="68" count="0" type="stmt"/>
          <line num="70" count="0" type="stmt"/>
          <line num="73" count="2" type="stmt"/>
        </file>
        <file name="iogates.ts" path="/code/cilantro/iogates-transfer/src/lib/iogates.ts">
          <metrics statements="26" coveredstatements="7" conditionals="6" coveredconditionals="0" methods="8" coveredmethods="1"/>
          <line num="2" count="2" type="stmt"/>
          <line num="3" count="2" type="stmt"/>
          <line num="4" count="2" type="stmt"/>
          <line num="5" count="2" type="stmt"/>
          <line num="11" count="1" type="stmt"/>
          <line num="12" count="1" type="stmt"/>
          <line num="15" count="0" type="stmt"/>
          <line num="16" count="0" type="stmt"/>
          <line num="17" count="0" type="stmt"/>
          <line num="23" count="0" type="cond" truecount="0" falsecount="2"/>
          <line num="24" count="0" type="stmt"/>
          <line num="26" count="0" type="stmt"/>
          <line num="27" count="0" type="stmt"/>
          <line num="28" count="0" type="stmt"/>
          <line num="29" count="0" type="stmt"/>
          <line num="34" count="0" type="stmt"/>
          <line num="35" count="0" type="stmt"/>
          <line num="36" count="0" type="stmt"/>
          <line num="40" count="0" type="cond" truecount="0" falsecount="2"/>
          <line num="41" count="0" type="stmt"/>
          <line num="43" count="0" type="stmt"/>
          <line num="48" count="0" type="stmt"/>
          <line num="54" count="0" type="cond" truecount="0" falsecount="2"/>
          <line num="55" count="0" type="stmt"/>
          <line num="57" count="0" type="stmt"/>
          <line num="60" count="2" type="stmt"/>
        </file>
        <file name="types.ts" path="/code/cilantro/iogates-transfer/src/lib/types.ts">
          <metrics statements="8" coveredstatements="8" conditionals="0" coveredconditionals="0" methods="0" coveredmethods="0"/>
          <line num="2" count="3" type="stmt"/>
          <line num="3" count="3" type="stmt"/>
          <line num="4" count="3" type="stmt"/>
          <line num="5" count="3" type="stmt"/>
          <line num="6" count="3" type="stmt"/>
          <line num="7" count="3" type="stmt"/>
          <line num="8" count="3" type="stmt"/>
          <line num="9" count="3" type="stmt"/>
        </file>
      </package>
      <package name="src.types">
        <metrics statements="13" coveredstatements="8" conditionals="0" coveredconditionals="0" methods="2" coveredmethods="0"/>
        <file name="auth.ts" path="/code/cilantro/iogates-transfer/src/types/auth.ts">
          <metrics statements="2" coveredstatements="2" conditionals="0" coveredconditionals="0" methods="0" coveredmethods="0"/>
          <line num="2" count="3" type="stmt"/>
          <line num="8" count="3" type="stmt"/>
        </file>
        <file name="download_command_input.ts" path="/code/cilantro/iogates-transfer/src/types/download_command_input.ts">
          <metrics statements="2" coveredstatements="2" conditionals="0" coveredconditionals="0" methods="0" coveredmethods="0"/>
          <line num="2" count="3" type="stmt"/>
          <line num="8" count="3" type="stmt"/>
        </file>
        <file name="files.ts" path="/code/cilantro/iogates-transfer/src/types/files.ts">
          <metrics statements="2" coveredstatements="2" conditionals="0" coveredconditionals="0" methods="0" coveredmethods="0"/>
          <line num="2" count="3" type="stmt"/>
          <line num="8" count="3" type="stmt"/>
        </file>
        <file name="uploadResponse.ts" path="/code/cilantro/iogates-transfer/src/types/uploadResponse.ts">
          <metrics statements="7" coveredstatements="2" conditionals="0" coveredconditionals="0" methods="2" coveredmethods="0"/>
          <line num="2" count="3" type="stmt"/>
          <line num="8" count="0" type="stmt"/>
          <line num="10" count="0" type="stmt"/>
          <line num="11" count="0" type="stmt"/>
          <line num="12" count="0" type="stmt"/>
          <line num="13" count="0" type="stmt"/>
          <line num="17" count="3" type="stmt"/>
        </file>
      </package>
      <package name="src.types.models">
        <metrics statements="47" coveredstatements="32" conditionals="5" coveredconditionals="4" methods="7" coveredmethods="3"/>
        <file name="file.ts" path="/code/cilantro/iogates-transfer/src/types/models/file.ts">
          <metrics statements="30" coveredstatements="18" conditionals="5" coveredconditionals="4" methods="4" coveredmethods="2"/>
          <line num="2" count="3" type="stmt"/>
          <line num="3" count="3" type="stmt"/>
          <line num="4" count="3" type="stmt"/>
          <line num="5" count="3" type="stmt"/>
          <line num="9" count="3" type="stmt"/>
          <line num="11" count="0" type="stmt"/>
          <line num="12" count="0" type="stmt"/>
          <line num="13" count="0" type="stmt"/>
          <line num="14" count="0" type="stmt"/>
          <line num="15" count="0" type="stmt"/>
          <line num="16" count="0" type="stmt"/>
          <line num="17" count="0" type="stmt"/>
          <line num="18" count="0" type="stmt"/>
          <line num="19" count="0" type="stmt"/>
          <line num="20" count="0" type="stmt"/>
          <line num="21" count="0" type="stmt"/>
          <line num="23" count="0" type="stmt"/>
          <line num="26" count="3" type="stmt"/>
          <line num="33" count="3" type="stmt"/>
          <line num="37" count="3" type="stmt"/>
          <line num="41" count="3" type="stmt"/>
          <line num="45" count="3" type="stmt"/>
          <line num="49" count="3" type="stmt"/>
          <line num="53" count="3" type="stmt"/>
          <line num="57" count="3" type="stmt"/>
          <line num="58" count="1" type="stmt"/>
          <line num="61" count="3" type="stmt"/>
          <line num="62" count="1" type="stmt"/>
          <line num="65" count="3" type="stmt"/>
          <line num="72" count="3" type="stmt"/>
        </file>
        <file name="share.ts" path="/code/cilantro/iogates-transfer/src/types/models/share.ts">
          <metrics statements="17" coveredstatements="14" conditionals="0" coveredconditionals="0" methods="3" coveredmethods="1"/>
          <line num="2" count="3" type="stmt"/>
          <line num="3" count="3" type="stmt"/>
          <line num="4" count="3" type="stmt"/>
          <line num="5" count="3" type="stmt"/>
          <line num="9" count="3" type="stmt"/>
          <line num="11" count="0" type="stmt"/>
          <line num="23" count="0" type="stmt"/>
          <line num="25" count="0" type="stmt"/>
          <line num="28" count="3" type="stmt"/>
          <line num="37" count="3" type="stmt"/>
          <line num="43" count="3" type="stmt"/>
          <line num="49" count="3" type="stmt"/>
          <line num="53" count="3" type="stmt"/>
          <line num="57" count="3" type="stmt"/>
          <line num="58" count="2" type="stmt"/>
          <line num="61" count="3" type="stmt"/>
          <line num="68" count="3" type="stmt"/>
        </file>
      </package>
    </metrics>
  </project>
</coverage>
