{"/var/www/cilantro/iogates-transfer/src/main.ts": {"path":"/var/www/cilantro/iogates-transfer/src/main.ts","statementMap":{"0":{"start":{"line":2,"column":0},"end":{"line":2,"column":62}},"1":{"start":{"line":3,"column":15},"end":{"line":3,"column":32}},"2":{"start":{"line":4,"column":19},"end":{"line":4,"column":49}},"3":{"start":{"line":5,"column":13},"end":{"line":5,"column":35}},"4":{"start":{"line":6,"column":31},"end":{"line":6,"column":62}},"5":{"start":{"line":7,"column":18},"end":{"line":13,"column":2}},"6":{"start":{"line":14,"column":0},"end":{"line":14,"column":45}},"7":{"start":{"line":15,"column":0},"end":{"line":19,"column":3}},"8":{"start":{"line":18,"column":4},"end":{"line":18,"column":33}},"9":{"start":{"line":20,"column":17},"end":{"line":20,"column":25}},"10":{"start":{"line":21,"column":0},"end":{"line":24,"column":39}},"11":{"start":{"line":25,"column":0},"end":{"line":28,"column":25}},"12":{"start":{"line":29,"column":0},"end":{"line":29,"column":38}},"13":{"start":{"line":30,"column":0},"end":{"line":30,"column":26}}},"fnMap":{"0":{"name":"(anonymous_0)","decl":{"start":{"line":17,"column":10},"end":{"line":17,"column":11}},"loc":{"start":{"line":17,"column":16},"end":{"line":19,"column":1}},"line":17}},"branchMap":{},"s":{"0":1,"1":1,"2":1,"3":1,"4":1,"5":1,"6":1,"7":1,"8":1,"9":1,"10":1,"11":1,"12":1,"13":1},"f":{"0":1},"b":{},"_coverageSchema":"332fd63041d2c1bcb487cc26dd0d5f7d97098a6c","hash":"95c63d0a3678c924503777bb5667af45e618826f"}
,"/var/www/cilantro/iogates-transfer/src/commands/download.ts": {"path":"/var/www/cilantro/iogates-transfer/src/commands/download.ts","statementMap":{"0":{"start":{"line":2,"column":0},"end":{"line":2,"column":62}},"1":{"start":{"line":3,"column":16},"end":{"line":3,"column":39}},"2":{"start":{"line":4,"column":18},"end":{"line":4,"column":43}},"3":{"start":{"line":5,"column":21},"end":{"line":5,"column":49}},"4":{"start":{"line":6,"column":20},"end":{"line":6,"column":47}},"5":{"start":{"line":8,"column":12},"end":{"line":8,"column":23}},"6":{"start":{"line":11,"column":24},"end":{"line":11,"column":32}},"7":{"start":{"line":12,"column":21},"end":{"line":12,"column":29}},"8":{"start":{"line":13,"column":23},"end":{"line":13,"column":52}},"9":{"start":{"line":14,"column":19},"end":{"line":14,"column":42}},"10":{"start":{"line":15,"column":22},"end":{"line":15,"column":60}},"11":{"start":{"line":17,"column":4},"end":{"line":17,"column":30}},"12":{"start":{"line":18,"column":4},"end":{"line":57,"column":7}},"13":{"start":{"line":21,"column":8},"end":{"line":21,"column":59}},"14":{"start":{"line":24,"column":8},"end":{"line":24,"column":67}},"15":{"start":{"line":25,"column":8},"end":{"line":27,"column":9}},"16":{"start":{"line":28,"column":8},"end":{"line":28,"column":49}},"17":{"start":{"line":31,"column":8},"end":{"line":31,"column":39}},"18":{"start":{"line":32,"column":8},"end":{"line":32,"column":28}},"19":{"start":{"line":35,"column":8},"end":{"line":35,"column":27}},"20":{"start":{"line":36,"column":8},"end":{"line":36,"column":36}},"21":{"start":{"line":37,"column":8},"end":{"line":37,"column":34}},"22":{"start":{"line":40,"column":8},"end":{"line":40,"column":40}},"23":{"start":{"line":42,"column":8},"end":{"line":42,"column":69}},"24":{"start":{"line":45,"column":8},"end":{"line":45,"column":50}},"25":{"start":{"line":46,"column":8},"end":{"line":48,"column":11}},"26":{"start":{"line":47,"column":12},"end":{"line":47,"column":102}},"27":{"start":{"line":49,"column":8},"end":{"line":49,"column":63}},"28":{"start":{"line":52,"column":8},"end":{"line":52,"column":36}},"29":{"start":{"line":53,"column":8},"end":{"line":53,"column":26}},"30":{"start":{"line":56,"column":8},"end":{"line":56,"column":23}},"31":{"start":{"line":59,"column":0},"end":{"line":59,"column":40}}},"fnMap":{"0":{"name":"downloadComand","decl":{"start":{"line":10,"column":9},"end":{"line":10,"column":23}},"loc":{"start":{"line":10,"column":36},"end":{"line":58,"column":1}},"line":10},"1":{"name":"(anonymous_1)","decl":{"start":{"line":20,"column":14},"end":{"line":20,"column":15}},"loc":{"start":{"line":20,"column":20},"end":{"line":22,"column":5}},"line":20},"2":{"name":"(anonymous_2)","decl":{"start":{"line":23,"column":14},"end":{"line":23,"column":15}},"loc":{"start":{"line":23,"column":25},"end":{"line":29,"column":5}},"line":23},"3":{"name":"(anonymous_3)","decl":{"start":{"line":30,"column":14},"end":{"line":30,"column":15}},"loc":{"start":{"line":30,"column":25},"end":{"line":33,"column":5}},"line":30},"4":{"name":"(anonymous_4)","decl":{"start":{"line":34,"column":14},"end":{"line":34,"column":15}},"loc":{"start":{"line":34,"column":25},"end":{"line":38,"column":5}},"line":34},"5":{"name":"(anonymous_5)","decl":{"start":{"line":39,"column":14},"end":{"line":39,"column":15}},"loc":{"start":{"line":39,"column":28},"end":{"line":43,"column":5}},"line":39},"6":{"name":"(anonymous_6)","decl":{"start":{"line":44,"column":14},"end":{"line":44,"column":15}},"loc":{"start":{"line":44,"column":29},"end":{"line":50,"column":5}},"line":44},"7":{"name":"(anonymous_7)","decl":{"start":{"line":46,"column":26},"end":{"line":46,"column":27}},"loc":{"start":{"line":46,"column":40},"end":{"line":48,"column":9}},"line":46},"8":{"name":"(anonymous_8)","decl":{"start":{"line":51,"column":14},"end":{"line":51,"column":15}},"loc":{"start":{"line":51,"column":20},"end":{"line":54,"column":5}},"line":51},"9":{"name":"(anonymous_9)","decl":{"start":{"line":55,"column":15},"end":{"line":55,"column":16}},"loc":{"start":{"line":55,"column":22},"end":{"line":57,"column":5}},"line":55}},"branchMap":{"0":{"loc":{"start":{"line":25,"column":8},"end":{"line":27,"column":9}},"type":"if","locations":[{"start":{"line":25,"column":8},"end":{"line":27,"column":9}},{"start":{"line":25,"column":8},"end":{"line":27,"column":9}}],"line":25}},"s":{"0":1,"1":1,"2":1,"3":1,"4":1,"5":1,"6":1,"7":1,"8":1,"9":1,"10":1,"11":1,"12":1,"13":1,"14":0,"15":0,"16":0,"17":0,"18":0,"19":0,"20":0,"21":0,"22":0,"23":0,"24":0,"25":0,"26":0,"27":0,"28":0,"29":0,"30":1,"31":1},"f":{"0":1,"1":1,"2":0,"3":0,"4":0,"5":0,"6":0,"7":0,"8":0,"9":1},"b":{"0":[0,0]},"_coverageSchema":"332fd63041d2c1bcb487cc26dd0d5f7d97098a6c","hash":"c738ffca2c07fadb01c746fd6713c7f4682f7e14"}
,"/var/www/cilantro/iogates-transfer/src/lib/directory.ts": {"path":"/var/www/cilantro/iogates-transfer/src/lib/directory.ts","statementMap":{"0":{"start":{"line":2,"column":0},"end":{"line":2,"column":62}},"1":{"start":{"line":3,"column":11},"end":{"line":3,"column":24}},"2":{"start":{"line":9,"column":8},"end":{"line":9,"column":25}},"3":{"start":{"line":12,"column":8},"end":{"line":24,"column":11}},"4":{"start":{"line":13,"column":12},"end":{"line":13,"column":53}},"5":{"start":{"line":14,"column":12},"end":{"line":23,"column":15}},"6":{"start":{"line":15,"column":16},"end":{"line":20,"column":17}},"7":{"start":{"line":16,"column":20},"end":{"line":18,"column":21}},"8":{"start":{"line":17,"column":24},"end":{"line":17,"column":45}},"9":{"start":{"line":19,"column":20},"end":{"line":19,"column":39}},"10":{"start":{"line":21,"column":16},"end":{"line":21,"column":56}},"11":{"start":{"line":22,"column":16},"end":{"line":22,"column":37}},"12":{"start":{"line":27,"column":0},"end":{"line":27,"column":30}}},"fnMap":{"0":{"name":"(anonymous_0)","decl":{"start":{"line":8,"column":4},"end":{"line":8,"column":5}},"loc":{"start":{"line":8,"column":22},"end":{"line":10,"column":5}},"line":8},"1":{"name":"(anonymous_1)","decl":{"start":{"line":11,"column":4},"end":{"line":11,"column":5}},"loc":{"start":{"line":11,"column":13},"end":{"line":25,"column":5}},"line":11},"2":{"name":"(anonymous_2)","decl":{"start":{"line":12,"column":27},"end":{"line":12,"column":28}},"loc":{"start":{"line":12,"column":48},"end":{"line":24,"column":9}},"line":12},"3":{"name":"(anonymous_3)","decl":{"start":{"line":14,"column":32},"end":{"line":14,"column":33}},"loc":{"start":{"line":14,"column":41},"end":{"line":23,"column":13}},"line":14}},"branchMap":{"0":{"loc":{"start":{"line":15,"column":16},"end":{"line":20,"column":17}},"type":"if","locations":[{"start":{"line":15,"column":16},"end":{"line":20,"column":17}},{"start":{"line":15,"column":16},"end":{"line":20,"column":17}}],"line":15},"1":{"loc":{"start":{"line":16,"column":20},"end":{"line":18,"column":21}},"type":"if","locations":[{"start":{"line":16,"column":20},"end":{"line":18,"column":21}},{"start":{"line":16,"column":20},"end":{"line":18,"column":21}}],"line":16}},"s":{"0":1,"1":1,"2":1,"3":1,"4":1,"5":1,"6":1,"7":0,"8":0,"9":0,"10":1,"11":1,"12":1},"f":{"0":1,"1":1,"2":1,"3":1},"b":{"0":[0,1],"1":[0,0]},"_coverageSchema":"332fd63041d2c1bcb487cc26dd0d5f7d97098a6c","hash":"bf4893646eefb0f0903630c885e670a3a93f79ab"}
,"/var/www/cilantro/iogates-transfer/src/lib/downloader.ts": {"path":"/var/www/cilantro/iogates-transfer/src/lib/downloader.ts","statementMap":{"0":{"start":{"line":2,"column":0},"end":{"line":2,"column":62}},"1":{"start":{"line":3,"column":16},"end":{"line":3,"column":32}},"2":{"start":{"line":4,"column":24},"end":{"line":4,"column":48}},"3":{"start":{"line":5,"column":13},"end":{"line":5,"column":26}},"4":{"start":{"line":6,"column":10},"end":{"line":6,"column":26}},"5":{"start":{"line":7,"column":13},"end":{"line":7,"column":31}},"6":{"start":{"line":14,"column":21},"end":{"line":14,"column":23}},"7":{"start":{"line":15,"column":8},"end":{"line":17,"column":9}},"8":{"start":{"line":16,"column":12},"end":{"line":16,"column":53}},"9":{"start":{"line":18,"column":8},"end":{"line":18,"column":33}},"10":{"start":{"line":21,"column":8},"end":{"line":21,"column":47}},"11":{"start":{"line":22,"column":24},"end":{"line":25,"column":9}},"12":{"start":{"line":26,"column":31},"end":{"line":26,"column":77}},"13":{"start":{"line":27,"column":27},"end":{"line":27,"column":64}},"14":{"start":{"line":31,"column":37},"end":{"line":34,"column":65}},"15":{"start":{"line":35,"column":34},"end":{"line":35,"column":86}},"16":{"start":{"line":39,"column":34},"end":{"line":46,"column":19}},"17":{"start":{"line":40,"column":59},"end":{"line":43,"column":9}},"18":{"start":{"line":47,"column":8},"end":{"line":47,"column":49}},"19":{"start":{"line":58,"column":20},"end":{"line":61,"column":33}},"20":{"start":{"line":62,"column":26},"end":{"line":62,"column":69}},"21":{"start":{"line":63,"column":31},"end":{"line":63,"column":56}},"22":{"start":{"line":64,"column":8},"end":{"line":64,"column":65}},"23":{"start":{"line":67,"column":8},"end":{"line":69,"column":9}},"24":{"start":{"line":68,"column":12},"end":{"line":68,"column":43}},"25":{"start":{"line":70,"column":8},"end":{"line":70,"column":27}},"26":{"start":{"line":73,"column":0},"end":{"line":73,"column":32}}},"fnMap":{"0":{"name":"(anonymous_0)","decl":{"start":{"line":13,"column":4},"end":{"line":13,"column":5}},"loc":{"start":{"line":13,"column":31},"end":{"line":19,"column":5}},"line":13},"1":{"name":"(anonymous_1)","decl":{"start":{"line":20,"column":4},"end":{"line":20,"column":5}},"loc":{"start":{"line":20,"column":29},"end":{"line":65,"column":5}},"line":20},"2":{"name":"(anonymous_2)","decl":{"start":{"line":40,"column":41},"end":{"line":40,"column":42}},"loc":{"start":{"line":40,"column":59},"end":{"line":43,"column":9}},"line":40},"3":{"name":"(anonymous_3)","decl":{"start":{"line":66,"column":4},"end":{"line":66,"column":5}},"loc":{"start":{"line":66,"column":38},"end":{"line":71,"column":5}},"line":66}},"branchMap":{"0":{"loc":{"start":{"line":67,"column":8},"end":{"line":69,"column":9}},"type":"if","locations":[{"start":{"line":67,"column":8},"end":{"line":69,"column":9}},{"start":{"line":67,"column":8},"end":{"line":69,"column":9}}],"line":67}},"s":{"0":2,"1":2,"2":2,"3":2,"4":2,"5":2,"6":0,"7":0,"8":0,"9":0,"10":0,"11":0,"12":0,"13":0,"14":0,"15":0,"16":0,"17":0,"18":0,"19":0,"20":0,"21":0,"22":0,"23":0,"24":0,"25":0,"26":2},"f":{"0":0,"1":0,"2":0,"3":0},"b":{"0":[0,0]},"_coverageSchema":"332fd63041d2c1bcb487cc26dd0d5f7d97098a6c","hash":"48b69f8bead1117e29292e4cb054605cb6cb7a6f"}
,"/var/www/cilantro/iogates-transfer/src/lib/iogates.ts": {"path":"/var/www/cilantro/iogates-transfer/src/lib/iogates.ts","statementMap":{"0":{"start":{"line":2,"column":0},"end":{"line":2,"column":62}},"1":{"start":{"line":3,"column":16},"end":{"line":3,"column":34}},"2":{"start":{"line":4,"column":16},"end":{"line":4,"column":32}},"3":{"start":{"line":5,"column":12},"end":{"line":5,"column":45}},"4":{"start":{"line":11,"column":8},"end":{"line":11,"column":73}},"5":{"start":{"line":12,"column":8},"end":{"line":12,"column":24}},"6":{"start":{"line":15,"column":8},"end":{"line":15,"column":42}},"7":{"start":{"line":16,"column":8},"end":{"line":31,"column":11}},"8":{"start":{"line":17,"column":12},"end":{"line":30,"column":15}},"9":{"start":{"line":23,"column":16},"end":{"line":25,"column":17}},"10":{"start":{"line":24,"column":20},"end":{"line":24,"column":39}},"11":{"start":{"line":26,"column":16},"end":{"line":26,"column":52}},"12":{"start":{"line":27,"column":16},"end":{"line":27,"column":40}},"13":{"start":{"line":28,"column":16},"end":{"line":28,"column":41}},"14":{"start":{"line":29,"column":16},"end":{"line":29,"column":38}},"15":{"start":{"line":34,"column":8},"end":{"line":34,"column":32}},"16":{"start":{"line":35,"column":8},"end":{"line":45,"column":11}},"17":{"start":{"line":36,"column":12},"end":{"line":44,"column":15}},"18":{"start":{"line":40,"column":16},"end":{"line":42,"column":17}},"19":{"start":{"line":41,"column":20},"end":{"line":41,"column":39}},"20":{"start":{"line":43,"column":16},"end":{"line":43,"column":41}},"21":{"start":{"line":48,"column":24},"end":{"line":53,"column":9}},"22":{"start":{"line":54,"column":8},"end":{"line":56,"column":9}},"23":{"start":{"line":55,"column":12},"end":{"line":55,"column":47}},"24":{"start":{"line":57,"column":8},"end":{"line":57,"column":41}},"25":{"start":{"line":60,"column":0},"end":{"line":60,"column":26}}},"fnMap":{"0":{"name":"(anonymous_0)","decl":{"start":{"line":10,"column":4},"end":{"line":10,"column":5}},"loc":{"start":{"line":10,"column":18},"end":{"line":13,"column":5}},"line":10},"1":{"name":"(anonymous_1)","decl":{"start":{"line":14,"column":4},"end":{"line":14,"column":5}},"loc":{"start":{"line":14,"column":31},"end":{"line":32,"column":5}},"line":14},"2":{"name":"(anonymous_2)","decl":{"start":{"line":16,"column":27},"end":{"line":16,"column":28}},"loc":{"start":{"line":16,"column":48},"end":{"line":31,"column":9}},"line":16},"3":{"name":"(anonymous_3)","decl":{"start":{"line":22,"column":15},"end":{"line":22,"column":16}},"loc":{"start":{"line":22,"column":33},"end":{"line":30,"column":13}},"line":22},"4":{"name":"(anonymous_4)","decl":{"start":{"line":33,"column":4},"end":{"line":33,"column":5}},"loc":{"start":{"line":33,"column":16},"end":{"line":46,"column":5}},"line":33},"5":{"name":"(anonymous_5)","decl":{"start":{"line":35,"column":27},"end":{"line":35,"column":28}},"loc":{"start":{"line":35,"column":48},"end":{"line":45,"column":9}},"line":35},"6":{"name":"(anonymous_6)","decl":{"start":{"line":39,"column":15},"end":{"line":39,"column":16}},"loc":{"start":{"line":39,"column":37},"end":{"line":44,"column":13}},"line":39},"7":{"name":"(anonymous_7)","decl":{"start":{"line":47,"column":4},"end":{"line":47,"column":5}},"loc":{"start":{"line":47,"column":17},"end":{"line":58,"column":5}},"line":47}},"branchMap":{"0":{"loc":{"start":{"line":23,"column":16},"end":{"line":25,"column":17}},"type":"if","locations":[{"start":{"line":23,"column":16},"end":{"line":25,"column":17}},{"start":{"line":23,"column":16},"end":{"line":25,"column":17}}],"line":23},"1":{"loc":{"start":{"line":40,"column":16},"end":{"line":42,"column":17}},"type":"if","locations":[{"start":{"line":40,"column":16},"end":{"line":42,"column":17}},{"start":{"line":40,"column":16},"end":{"line":42,"column":17}}],"line":40},"2":{"loc":{"start":{"line":54,"column":8},"end":{"line":56,"column":9}},"type":"if","locations":[{"start":{"line":54,"column":8},"end":{"line":56,"column":9}},{"start":{"line":54,"column":8},"end":{"line":56,"column":9}}],"line":54}},"s":{"0":2,"1":2,"2":2,"3":2,"4":2,"5":2,"6":0,"7":0,"8":0,"9":0,"10":0,"11":0,"12":0,"13":0,"14":0,"15":0,"16":0,"17":0,"18":0,"19":0,"20":0,"21":0,"22":0,"23":0,"24":0,"25":2},"f":{"0":2,"1":0,"2":0,"3":0,"4":0,"5":0,"6":0,"7":0},"b":{"0":[0,0],"1":[0,0],"2":[0,0]},"_coverageSchema":"332fd63041d2c1bcb487cc26dd0d5f7d97098a6c","hash":"3dcc76c626bea8889b65f48ec49c189a754c0ace"}
,"/var/www/cilantro/iogates-transfer/src/lib/types.ts": {"path":"/var/www/cilantro/iogates-transfer/src/lib/types.ts","statementMap":{"0":{"start":{"line":2,"column":0},"end":{"line":2,"column":62}},"1":{"start":{"line":3,"column":16},"end":{"line":3,"column":32}},"2":{"start":{"line":4,"column":0},"end":{"line":4,"column":56}},"3":{"start":{"line":5,"column":0},"end":{"line":5,"column":63}},"4":{"start":{"line":6,"column":0},"end":{"line":6,"column":64}},"5":{"start":{"line":7,"column":0},"end":{"line":7,"column":57}},"6":{"start":{"line":8,"column":0},"end":{"line":8,"column":66}},"7":{"start":{"line":9,"column":0},"end":{"line":9,"column":74}}},"fnMap":{},"branchMap":{},"s":{"0":3,"1":3,"2":3,"3":3,"4":3,"5":3,"6":3,"7":3},"f":{},"b":{},"_coverageSchema":"332fd63041d2c1bcb487cc26dd0d5f7d97098a6c","hash":"f2a2fed0aba03a63d76d00b49398d992c23ff5cb"}
,"/var/www/cilantro/iogates-transfer/src/types/auth.ts": {"path":"/var/www/cilantro/iogates-transfer/src/types/auth.ts","statementMap":{"0":{"start":{"line":2,"column":0},"end":{"line":2,"column":62}},"1":{"start":{"line":8,"column":0},"end":{"line":8,"column":20}}},"fnMap":{},"branchMap":{},"s":{"0":3,"1":3},"f":{},"b":{},"_coverageSchema":"332fd63041d2c1bcb487cc26dd0d5f7d97098a6c","hash":"9e3558a98fd0ce597f95ed85748fe3d73f3940a5"}
,"/var/www/cilantro/iogates-transfer/src/types/download_command_input.ts": {"path":"/var/www/cilantro/iogates-transfer/src/types/download_command_input.ts","statementMap":{"0":{"start":{"line":2,"column":0},"end":{"line":2,"column":62}},"1":{"start":{"line":8,"column":0},"end":{"line":8,"column":52}}},"fnMap":{},"branchMap":{},"s":{"0":3,"1":3},"f":{},"b":{},"_coverageSchema":"332fd63041d2c1bcb487cc26dd0d5f7d97098a6c","hash":"9d76e0b4902197b149453a77d4bcc22a49ac2acf"}
,"/var/www/cilantro/iogates-transfer/src/types/files.ts": {"path":"/var/www/cilantro/iogates-transfer/src/types/files.ts","statementMap":{"0":{"start":{"line":2,"column":0},"end":{"line":2,"column":62}},"1":{"start":{"line":8,"column":0},"end":{"line":8,"column":22}}},"fnMap":{},"branchMap":{},"s":{"0":3,"1":3},"f":{},"b":{},"_coverageSchema":"332fd63041d2c1bcb487cc26dd0d5f7d97098a6c","hash":"e4b3448eece99de75486d7205899b9325143625b"}
,"/var/www/cilantro/iogates-transfer/src/types/uploadResponse.ts": {"path":"/var/www/cilantro/iogates-transfer/src/types/uploadResponse.ts","statementMap":{"0":{"start":{"line":2,"column":0},"end":{"line":2,"column":62}},"1":{"start":{"line":8,"column":8},"end":{"line":14,"column":11}},"2":{"start":{"line":10,"column":12},"end":{"line":10,"column":29}},"3":{"start":{"line":11,"column":12},"end":{"line":11,"column":29}},"4":{"start":{"line":12,"column":12},"end":{"line":12,"column":32}},"5":{"start":{"line":13,"column":12},"end":{"line":13,"column":24}},"6":{"start":{"line":17,"column":0},"end":{"line":17,"column":40}}},"fnMap":{"0":{"name":"(anonymous_0)","decl":{"start":{"line":7,"column":4},"end":{"line":7,"column":5}},"loc":{"start":{"line":7,"column":37},"end":{"line":15,"column":5}},"line":7},"1":{"name":"(anonymous_1)","decl":{"start":{"line":9,"column":18},"end":{"line":9,"column":19}},"loc":{"start":{"line":9,"column":24},"end":{"line":14,"column":9}},"line":9}},"branchMap":{},"s":{"0":3,"1":0,"2":0,"3":0,"4":0,"5":0,"6":3},"f":{"0":0,"1":0},"b":{},"_coverageSchema":"332fd63041d2c1bcb487cc26dd0d5f7d97098a6c","hash":"b5c16058cf03212f3a011f407c23631e21ca42b1"}
,"/var/www/cilantro/iogates-transfer/src/types/models/file.ts": {"path":"/var/www/cilantro/iogates-transfer/src/types/models/file.ts","statementMap":{"0":{"start":{"line":2,"column":0},"end":{"line":2,"column":62}},"1":{"start":{"line":3,"column":16},"end":{"line":3,"column":32}},"2":{"start":{"line":4,"column":31},"end":{"line":4,"column":62}},"3":{"start":{"line":5,"column":16},"end":{"line":5,"column":34}},"4":{"start":{"line":9,"column":11},"end":{"line":25,"column":1}},"5":{"start":{"line":11,"column":24},"end":{"line":11,"column":26}},"6":{"start":{"line":12,"column":8},"end":{"line":22,"column":11}},"7":{"start":{"line":13,"column":25},"end":{"line":13,"column":37}},"8":{"start":{"line":14,"column":12},"end":{"line":14,"column":41}},"9":{"start":{"line":15,"column":12},"end":{"line":15,"column":41}},"10":{"start":{"line":16,"column":12},"end":{"line":16,"column":45}},"11":{"start":{"line":17,"column":12},"end":{"line":17,"column":41}},"12":{"start":{"line":18,"column":12},"end":{"line":18,"column":49}},"13":{"start":{"line":19,"column":12},"end":{"line":19,"column":39}},"14":{"start":{"line":20,"column":12},"end":{"line":20,"column":36}},"15":{"start":{"line":21,"column":12},"end":{"line":21,"column":38}},"16":{"start":{"line":23,"column":8},"end":{"line":23,"column":36}},"17":{"start":{"line":26,"column":0},"end":{"line":32,"column":33}},"18":{"start":{"line":33,"column":0},"end":{"line":36,"column":35}},"19":{"start":{"line":37,"column":0},"end":{"line":40,"column":35}},"20":{"start":{"line":41,"column":0},"end":{"line":44,"column":37}},"21":{"start":{"line":45,"column":0},"end":{"line":48,"column":35}},"22":{"start":{"line":49,"column":0},"end":{"line":52,"column":39}},"23":{"start":{"line":53,"column":0},"end":{"line":56,"column":34}},"24":{"start":{"line":57,"column":0},"end":{"line":60,"column":38}},"25":{"start":{"line":58,"column":44},"end":{"line":58,"column":57}},"26":{"start":{"line":61,"column":0},"end":{"line":64,"column":36}},"27":{"start":{"line":62,"column":43},"end":{"line":62,"column":56}},"28":{"start":{"line":65,"column":0},"end":{"line":71,"column":9}},"29":{"start":{"line":72,"column":0},"end":{"line":72,"column":20}}},"fnMap":{"0":{"name":"(anonymous_0)","decl":{"start":{"line":10,"column":4},"end":{"line":10,"column":5}},"loc":{"start":{"line":10,"column":40},"end":{"line":24,"column":5}},"line":10},"1":{"name":"(anonymous_1)","decl":{"start":{"line":12,"column":25},"end":{"line":12,"column":26}},"loc":{"start":{"line":12,"column":37},"end":{"line":22,"column":9}},"line":12},"2":{"name":"(anonymous_2)","decl":{"start":{"line":58,"column":38},"end":{"line":58,"column":39}},"loc":{"start":{"line":58,"column":44},"end":{"line":58,"column":57}},"line":58},"3":{"name":"(anonymous_3)","decl":{"start":{"line":62,"column":37},"end":{"line":62,"column":38}},"loc":{"start":{"line":62,"column":43},"end":{"line":62,"column":56}},"line":62}},"branchMap":{"0":{"loc":{"start":{"line":63,"column":38},"end":{"line":63,"column":136}},"type":"binary-expr","locations":[{"start":{"line":63,"column":38},"end":{"line":63,"column":120}},{"start":{"line":63,"column":124},"end":{"line":63,"column":126}},{"start":{"line":63,"column":130},"end":{"line":63,"column":136}}],"line":63},"1":{"loc":{"start":{"line":63,"column":51},"end":{"line":63,"column":104}},"type":"binary-expr","locations":[{"start":{"line":63,"column":51},"end":{"line":63,"column":87}},{"start":{"line":63,"column":91},"end":{"line":63,"column":104}}],"line":63}},"s":{"0":3,"1":3,"2":3,"3":3,"4":3,"5":0,"6":0,"7":0,"8":0,"9":0,"10":0,"11":0,"12":0,"13":0,"14":0,"15":0,"16":0,"17":3,"18":3,"19":3,"20":3,"21":3,"22":3,"23":3,"24":3,"25":1,"26":3,"27":1,"28":3,"29":3},"f":{"0":0,"1":0,"2":1,"3":1},"b":{"0":[3,3,0],"1":[3,3]},"_coverageSchema":"332fd63041d2c1bcb487cc26dd0d5f7d97098a6c","hash":"d31b554350f582be437774c9d4a41a2c8af12476"}
,"/var/www/cilantro/iogates-transfer/src/types/models/share.ts": {"path":"/var/www/cilantro/iogates-transfer/src/types/models/share.ts","statementMap":{"0":{"start":{"line":2,"column":0},"end":{"line":2,"column":62}},"1":{"start":{"line":3,"column":16},"end":{"line":3,"column":32}},"2":{"start":{"line":4,"column":31},"end":{"line":4,"column":62}},"3":{"start":{"line":5,"column":15},"end":{"line":5,"column":32}},"4":{"start":{"line":9,"column":12},"end":{"line":27,"column":1}},"5":{"start":{"line":11,"column":24},"end":{"line":24,"column":10}},"6":{"start":{"line":23,"column":12},"end":{"line":23,"column":25}},"7":{"start":{"line":25,"column":8},"end":{"line":25,"column":40}},"8":{"start":{"line":28,"column":0},"end":{"line":36,"column":34}},"9":{"start":{"line":37,"column":0},"end":{"line":42,"column":35}},"10":{"start":{"line":43,"column":0},"end":{"line":48,"column":37}},"11":{"start":{"line":49,"column":0},"end":{"line":52,"column":35}},"12":{"start":{"line":53,"column":0},"end":{"line":56,"column":40}},"13":{"start":{"line":57,"column":0},"end":{"line":60,"column":37}},"14":{"start":{"line":58,"column":41},"end":{"line":58,"column":52}},"15":{"start":{"line":61,"column":0},"end":{"line":67,"column":10}},"16":{"start":{"line":68,"column":0},"end":{"line":68,"column":22}}},"fnMap":{"0":{"name":"(anonymous_0)","decl":{"start":{"line":10,"column":4},"end":{"line":10,"column":5}},"loc":{"start":{"line":10,"column":41},"end":{"line":26,"column":5}},"line":10},"1":{"name":"(anonymous_1)","decl":{"start":{"line":22,"column":20},"end":{"line":22,"column":21}},"loc":{"start":{"line":22,"column":31},"end":{"line":24,"column":9}},"line":22},"2":{"name":"(anonymous_2)","decl":{"start":{"line":58,"column":35},"end":{"line":58,"column":36}},"loc":{"start":{"line":58,"column":41},"end":{"line":58,"column":52}},"line":58}},"branchMap":{},"s":{"0":3,"1":3,"2":3,"3":3,"4":3,"5":1,"6":0,"7":1,"8":3,"9":3,"10":3,"11":3,"12":3,"13":3,"14":2,"15":3,"16":3},"f":{"0":1,"1":0,"2":2},"b":{},"_coverageSchema":"332fd63041d2c1bcb487cc26dd0d5f7d97098a6c","hash":"a7cce43bd1b325fef02c70bd3df91f78e4030347"}
}
