TN:
SF:/code/cilantro/iogates-transfer/src/main.ts
FN:11,delayedHello
FN:12,(anonymous_1)
FN:12,(anonymous_2)
FN:16,greeter
FN:17,(anonymous_4)
FNF:5
FNH:5
FNDA:1,delayedHello
FNDA:1,(anonymous_1)
FNDA:1,(anonymous_2)
FNDA:1,greeter
FNDA:1,(anonymous_4)
DA:2,1
DA:3,1
DA:12,1
DA:17,1
DA:18,1
DA:21,1
LF:6
LH:6
BRDA:11,0,0,1
BRF:1
BRH:1
end_of_record
TN:
SF:/code/cilantro/iogates-transfer/src/lib/downloader.ts
FN:13,(anonymous_0)
FN:33,(anonymous_1)
FN:49,(anonymous_2)
FNF:3
FNH:3
FNDA:1,(anonymous_0)
FNDA:1,(anonymous_1)
FNDA:1,(anonymous_2)
DA:2,1
DA:3,1
DA:4,1
DA:5,1
DA:6,1
DA:15,1
DA:19,1
DA:20,1
DA:24,1
DA:28,1
DA:32,1
DA:33,1
DA:43,1
DA:47,1
DA:50,1
DA:53,1
LF:16
LH:16
BRF:0
BRH:0
end_of_record
TN:
SF:/code/cilantro/iogates-transfer/src/lib/iogates.ts
FN:8,(anonymous_0)
FN:12,(anonymous_1)
FN:13,(anonymous_2)
FN:19,(anonymous_3)
FN:28,(anonymous_4)
FN:29,(anonymous_5)
FN:33,(anonymous_6)
FN:41,(anonymous_7)
FNF:8
FNH:5
FNDA:1,(anonymous_0)
FNDA:1,(anonymous_1)
FNDA:1,(anonymous_2)
FNDA:1,(anonymous_3)
FNDA:0,(anonymous_4)
FNDA:0,(anonymous_5)
FNDA:0,(anonymous_6)
FNDA:1,(anonymous_7)
DA:2,1
DA:3,1
DA:9,1
DA:10,1
DA:13,1
DA:14,1
DA:20,1
DA:21,0
DA:23,1
DA:24,1
DA:29,0
DA:30,0
DA:34,0
DA:35,0
DA:37,0
DA:42,1
DA:48,1
DA:49,0
DA:51,1
DA:54,1
LF:20
LH:13
BRDA:20,0,0,0
BRDA:20,0,1,1
BRDA:34,1,0,0
BRDA:34,1,1,0
BRDA:48,2,0,0
BRDA:48,2,1,1
BRF:6
BRH:2
end_of_record
TN:
SF:/code/cilantro/iogates-transfer/src/lib/types.ts
FNF:0
FNH:0
DA:2,1
DA:8,1
DA:14,1
DA:20,1
LF:4
LH:4
BRF:0
BRH:0
end_of_record
